TN:
SF:/Users/alichen/Workspace/frontend/isomorphic-boilerplate/client/index/module/action.js
FN:18,_interopRequireWildcard
FN:20,_interopRequireDefault
FN:22,requestEvents
FN:28,responseEvents
FN:34,fetchEvents
FN:39,(anonymous_5)
FN:42,(anonymous_6)
FNF:7
FNH:6
FNDA:1,_interopRequireWildcard
FNDA:1,_interopRequireDefault
FNDA:1,requestEvents
FNDA:1,responseEvents
FNDA:1,fetchEvents
FNDA:1,(anonymous_5)
FNDA:0,(anonymous_6)
DA:3,1
DA:6,1
DA:7,1
DA:8,1
DA:10,1
DA:12,1
DA:14,1
DA:16,1
DA:18,1
DA:20,1
DA:23,1
DA:25,1
DA:29,1
DA:31,1
DA:35,1
DA:36,1
DA:38,1
DA:39,1
DA:40,1
DA:41,1
DA:43,0
LF:21
LH:20
BRDA:18,0,0,1
BRDA:18,0,1,0
BRDA:18,1,0,1
BRDA:18,1,1,1
BRDA:18,2,0,0
BRDA:18,2,1,0
BRDA:18,3,0,0
BRDA:18,3,1,0
BRDA:20,4,0,0
BRDA:20,4,1,1
BRDA:20,5,0,1
BRDA:20,5,1,1
BRF:12
BRH:6
end_of_record
TN:
SF:/Users/alichen/Workspace/frontend/isomorphic-boilerplate/client/index/module/app.vue
FN:7,(anonymous_0)
FN:34,_interopRequireWildcard
FN:38,handleRefresh
FN:43,events
FNF:4
FNH:2
FNDA:0,(anonymous_0)
FNDA:1,_interopRequireWildcard
FNDA:1,handleRefresh
FNDA:0,events
DA:3,1
DA:7,1
DA:28,1
DA:30,1
DA:32,1
DA:34,1
DA:36,1
DA:39,1
DA:44,0
LF:9
LH:8
BRDA:7,0,0,1
BRDA:7,0,1,0
BRDA:7,1,0,0
BRDA:7,1,1,0
BRDA:34,2,0,1
BRDA:34,2,1,0
BRDA:34,3,0,1
BRDA:34,3,1,1
BRDA:34,4,0,0
BRDA:34,4,1,0
BRDA:34,5,0,0
BRDA:34,5,1,0
BRF:12
BRH:4
end_of_record
TN:
SF:/Users/alichen/Workspace/frontend/isomorphic-boilerplate/client/index/module/constant.js
FNF:0
FNH:0
DA:3,1
DA:6,1
DA:7,1
LF:3
LH:3
BRF:0
BRH:0
end_of_record
TN:
SF:/Users/alichen/Workspace/frontend/isomorphic-boilerplate/client/index/module/mutation.js
FN:13,_interopRequireWildcard
FN:15,_defineProperty
FN:17,(anonymous_2)
FN:19,(anonymous_3)
FNF:4
FNH:3
FNDA:1,_interopRequireWildcard
FNDA:2,_defineProperty
FNDA:0,(anonymous_2)
FNDA:1,(anonymous_3)
DA:3,1
DA:9,1
DA:11,1
DA:13,1
DA:15,2
DA:17,1
DA:18,0
DA:20,1
DA:21,1
DA:22,1
DA:25,1
LF:11
LH:10
BRDA:13,0,0,1
BRDA:13,0,1,0
BRDA:13,1,0,1
BRDA:13,1,1,1
BRDA:13,2,0,0
BRDA:13,2,1,0
BRDA:13,3,0,0
BRDA:13,3,1,0
BRDA:15,4,0,0
BRDA:15,4,1,2
BRF:10
BRH:4
end_of_record
TN:
SF:/Users/alichen/Workspace/frontend/isomorphic-boilerplate/client/test/unit/fixture/setup.js
FN:9,_interopRequireDefault
FNF:1
FNH:1
FNDA:1,_interopRequireDefault
DA:3,1
DA:5,1
DA:7,1
DA:9,1
DA:11,1
DA:14,1
DA:16,1
DA:17,1
DA:19,1
DA:20,1
LF:10
LH:10
BRDA:9,0,0,1
BRDA:9,0,1,0
BRDA:9,1,0,1
BRDA:9,1,1,1
BRF:4
BRH:3
end_of_record
TN:
SF:/Users/alichen/Workspace/frontend/isomorphic-boilerplate/client/test/unit/fixture/util.js
FN:17,_interopRequireDefault
FN:19,_toConsumableArray
FN:21,testAction
FN:23,commit
FN:35,dispatch
FN:47,createEl
FN:55,renderedText
FN:60,createVM
FN:67,destoryVM
FN:71,triggerEvent
FN:92,triggerClick
FNF:11
FNH:9
FNDA:1,_interopRequireDefault
FNDA:1,_toConsumableArray
FNDA:1,testAction
FNDA:2,commit
FNDA:2,dispatch
FNDA:2,createEl
FNDA:0,renderedText
FNDA:2,createVM
FNDA:2,destoryVM
FNDA:1,triggerEvent
FNDA:0,triggerClick
DA:3,1
DA:6,1
DA:7,1
DA:8,1
DA:9,1
DA:10,1
DA:11,1
DA:13,1
DA:15,1
DA:17,1
DA:19,1
DA:22,1
DA:23,1
DA:24,2
DA:25,2
DA:26,2
DA:27,1
DA:29,2
DA:30,2
DA:31,1
DA:35,1
DA:36,2
DA:39,1
DA:41,1
DA:42,0
DA:43,0
DA:48,2
DA:49,2
DA:50,2
DA:51,2
DA:52,2
DA:56,0
DA:57,0
DA:61,2
DA:62,2
DA:63,2
DA:64,2
DA:68,2
DA:72,1
DA:73,1
DA:74,1
DA:75,0
DA:76,0
DA:78,0
DA:80,1
DA:82,1
DA:83,0
DA:86,1
DA:88,1
DA:89,1
DA:93,0
DA:94,0
DA:97,0
DA:98,0
DA:99,0
LF:55
LH:42
BRDA:17,0,0,1
BRDA:17,0,1,0
BRDA:17,1,0,1
BRDA:17,1,1,1
BRDA:19,2,0,1
BRDA:19,2,1,0
BRDA:26,3,0,1
BRDA:26,3,1,1
BRDA:30,4,0,1
BRDA:30,4,1,1
BRDA:41,5,0,0
BRDA:41,5,1,1
BRDA:68,6,0,2
BRDA:68,6,1,2
BRDA:68,6,2,2
BRDA:73,7,0,1
BRDA:73,7,1,0
BRDA:75,8,0,0
BRDA:75,8,1,0
BRDA:88,9,0,1
BRDA:88,9,1,0
BRF:21
BRH:14
end_of_record
TN:
SF:/Users/alichen/Workspace/frontend/isomorphic-boilerplate/client/test/unit/spec/index.js
FN:3,(anonymous_0)
FN:35,_interopRequireWildcard
FN:37,_interopRequireDefault
FN:39,(anonymous_3)
FN:40,(anonymous_4)
FN:47,(anonymous_5)
FN:48,(anonymous_6)
FN:51,(anonymous_7)
FN:54,(anonymous_8)
FN:70,(anonymous_9)
FN:73,(anonymous_10)
FN:77,(anonymous_11)
FN:80,(anonymous_12)
FN:83,(anonymous_13)
FN:86,(anonymous_14)
FNF:15
FNH:14
FNDA:0,(anonymous_0)
FNDA:2,_interopRequireWildcard
FNDA:5,_interopRequireDefault
FNDA:1,(anonymous_3)
FNDA:1,(anonymous_4)
FNDA:1,(anonymous_5)
FNDA:1,(anonymous_6)
FNDA:1,(anonymous_7)
FNDA:1,(anonymous_8)
FNDA:1,(anonymous_9)
FNDA:2,(anonymous_10)
FNDA:2,(anonymous_11)
FNDA:1,(anonymous_12)
FNDA:1,(anonymous_13)
FNDA:1,(anonymous_14)
DA:3,1
DA:5,1
DA:7,1
DA:9,1
DA:11,1
DA:13,1
DA:15,1
DA:17,1
DA:19,1
DA:21,1
DA:23,1
DA:25,1
DA:27,1
DA:29,1
DA:31,1
DA:33,1
DA:35,2
DA:37,5
DA:39,1
DA:40,1
DA:41,1
DA:42,1
DA:43,1
DA:47,1
DA:48,1
DA:49,1
DA:51,1
DA:52,1
DA:54,1
DA:55,1
DA:59,1
DA:61,1
DA:66,1
DA:70,1
DA:71,1
DA:72,1
DA:73,1
DA:74,2
DA:75,2
DA:77,1
DA:78,2
DA:80,1
DA:81,1
DA:83,1
DA:84,1
DA:85,1
DA:86,1
DA:87,1
DA:88,1
LF:49
LH:49
BRDA:3,0,0,1
BRDA:3,0,1,0
BRDA:3,1,0,0
BRDA:3,1,1,0
BRDA:35,2,0,2
BRDA:35,2,1,0
BRDA:35,3,0,2
BRDA:35,3,1,2
BRDA:35,4,0,0
BRDA:35,4,1,0
BRDA:35,5,0,0
BRDA:35,5,1,0
BRDA:37,6,0,2
BRDA:37,6,1,3
BRDA:37,7,0,5
BRDA:37,7,1,5
BRF:16
BRH:8
end_of_record
